<?xml version="1.0" encoding="UTF-8"?>
<testng-results ignored="0" total="1" passed="1" failed="0" skipped="0">
  <reporter-output>
  </reporter-output>
  <suite started-at="2024-05-13T23:47:18 IST" name="Default suite" finished-at="2024-05-13T23:48:34 IST" duration-ms="75679">
    <groups>
    </groups>
    <test started-at="2024-05-13T23:47:18 IST" name="Default test" finished-at="2024-05-13T23:48:34 IST" duration-ms="75679">
      <class name="mycompany.AppiumLearning2024.BrowserOnly">
        <test-method is-config="true" signature="start()[pri:0, instance:mycompany.AppiumLearning2024.BrowserOnly@4007f65e]" started-at="2024-05-13T23:47:18 IST" name="start" finished-at="2024-05-13T23:47:33 IST" duration-ms="15193" status="PASS">
          <reporter-output>
          </reporter-output>
        </test-method> <!-- start -->
        <test-method signature="method1()[pri:0, instance:mycompany.AppiumLearning2024.BrowserOnly@4007f65e]" started-at="2024-05-13T23:47:33 IST" name="method1" finished-at="2024-05-13T23:48:34 IST" duration-ms="60423" status="PASS">
          <reporter-output>
          </reporter-output>
        </test-method> <!-- method1 -->
        <test-method is-config="true" signature="tearDown()[pri:0, instance:mycompany.AppiumLearning2024.BrowserOnly@4007f65e]" started-at="2024-05-13T23:48:34 IST" name="tearDown" finished-at="2024-05-13T23:48:34 IST" duration-ms="6" status="PASS">
          <reporter-output>
          </reporter-output>
        </test-method> <!-- tearDown -->
      </class> <!-- mycompany.AppiumLearning2024.BrowserOnly -->
    </test> <!-- Default test -->
  </suite> <!-- Default suite -->
</testng-results>
